<?xml version="1.0" encoding="UTF-8"?>
<coverage generated="1738982578254" clover="3.2.0">
  <project timestamp="1738982578256" name="All files">
    <metrics statements="245" coveredstatements="216" conditionals="78" coveredconditionals="68" methods="29" coveredmethods="27" elements="352" coveredelements="311" complexity="0" loc="245" ncloc="245" packages="1" files="3" classes="3"/>
    <file name="index.js" path="C:\workspace\projects\rgbead-scraper\index.js">
      <metrics statements="69" coveredstatements="40" conditionals="14" coveredconditionals="4" methods="5" coveredmethods="3"/>
      <line num="1" count="1" type="stmt"/>
      <line num="2" count="1" type="stmt"/>
      <line num="3" count="1" type="stmt"/>
      <line num="4" count="1" type="stmt"/>
      <line num="5" count="1" type="stmt"/>
      <line num="6" count="1" type="stmt"/>
      <line num="7" count="1" type="stmt"/>
      <line num="9" count="1" type="stmt"/>
      <line num="10" count="1" type="cond" truecount="2" falsecount="0"/>
      <line num="11" count="1" type="stmt"/>
      <line num="13" count="1" type="stmt"/>
      <line num="15" count="1" type="stmt"/>
      <line num="17" count="1" type="stmt"/>
      <line num="18" count="5" type="stmt"/>
      <line num="19" count="5" type="stmt"/>
      <line num="20" count="5" type="stmt"/>
      <line num="21" count="2" type="stmt"/>
      <line num="22" count="2" type="stmt"/>
      <line num="27" count="2" type="stmt"/>
      <line num="28" count="2" type="stmt"/>
      <line num="29" count="2" type="stmt"/>
      <line num="33" count="1" type="stmt"/>
      <line num="35" count="1" type="stmt"/>
      <line num="42" count="4" type="stmt"/>
      <line num="46" count="1" type="stmt"/>
      <line num="47" count="4" type="stmt"/>
      <line num="48" count="4" type="stmt"/>
      <line num="49" count="4" type="cond" truecount="1" falsecount="1"/>
      <line num="50" count="0" type="stmt"/>
      <line num="54" count="4" type="cond" truecount="1" falsecount="1"/>
      <line num="55" count="4" type="stmt"/>
      <line num="57" count="0" type="stmt"/>
      <line num="58" count="0" type="stmt"/>
      <line num="59" count="0" type="stmt"/>
      <line num="64" count="0" type="stmt"/>
      <line num="65" count="0" type="stmt"/>
      <line num="66" count="0" type="stmt"/>
      <line num="71" count="0" type="stmt"/>
      <line num="78" count="0" type="stmt"/>
      <line num="79" count="0" type="stmt"/>
      <line num="83" count="1" type="stmt"/>
      <line num="85" count="2" type="stmt"/>
      <line num="87" count="2" type="stmt"/>
      <line num="88" count="2" type="stmt"/>
      <line num="89" count="1" type="stmt"/>
      <line num="90" count="1" type="stmt"/>
      <line num="92" count="1" type="stmt"/>
      <line num="93" count="0" type="stmt"/>
      <line num="94" count="0" type="stmt"/>
      <line num="96" count="0" type="stmt"/>
      <line num="99" count="0" type="stmt"/>
      <line num="100" count="0" type="stmt"/>
      <line num="101" count="0" type="cond" truecount="0" falsecount="4"/>
      <line num="103" count="0" type="stmt"/>
      <line num="104" count="0" type="stmt"/>
      <line num="106" count="0" type="stmt"/>
      <line num="107" count="0" type="stmt"/>
      <line num="109" count="0" type="stmt"/>
      <line num="110" count="0" type="stmt"/>
      <line num="112" count="0" type="stmt"/>
      <line num="113" count="0" type="stmt"/>
      <line num="114" count="0" type="stmt"/>
      <line num="115" count="0" type="stmt"/>
      <line num="119" count="0" type="cond" truecount="0" falsecount="4"/>
      <line num="120" count="0" type="stmt"/>
      <line num="122" count="0" type="stmt"/>
      <line num="124" count="2" type="stmt"/>
      <line num="125" count="2" type="stmt"/>
      <line num="129" count="1" type="stmt"/>
    </file>
    <file name="kd-tree.js" path="C:\workspace\projects\rgbead-scraper\kd-tree.js">
      <metrics statements="35" coveredstatements="35" conditionals="22" coveredconditionals="22" methods="4" coveredmethods="4"/>
      <line num="6" count="91544" type="stmt"/>
      <line num="9" count="91544" type="cond" truecount="2" falsecount="0"/>
      <line num="10" count="13002" type="stmt"/>
      <line num="11" count="13002" type="stmt"/>
      <line num="12" count="13002" type="stmt"/>
      <line num="13" count="13002" type="stmt"/>
      <line num="16" count="78542" type="cond" truecount="2" falsecount="0"/>
      <line num="17" count="32779" type="stmt"/>
      <line num="18" count="32779" type="stmt"/>
      <line num="19" count="32779" type="stmt"/>
      <line num="20" count="32779" type="stmt"/>
      <line num="21" count="32779" type="stmt"/>
      <line num="25" count="4555283" type="stmt"/>
      <line num="26" count="45763" type="stmt"/>
      <line num="29" count="45763" type="stmt"/>
      <line num="30" count="45763" type="stmt"/>
      <line num="31" count="45763" type="stmt"/>
      <line num="35" count="344" type="stmt"/>
      <line num="36" count="344" type="stmt"/>
      <line num="37" count="344" type="stmt"/>
      <line num="38" count="344" type="stmt"/>
      <line num="46" count="355" type="cond" truecount="2" falsecount="0"/>
      <line num="48" count="13" type="stmt"/>
      <line num="50" count="342" type="stmt"/>
      <line num="51" count="342" type="stmt"/>
      <line num="54" count="342" type="cond" truecount="2" falsecount="0"/>
      <line num="56" count="22" type="stmt"/>
      <line num="59" count="342" type="cond" truecount="2" falsecount="0"/>
      <line num="60" count="342" type="cond" truecount="2" falsecount="0"/>
      <line num="63" count="342" type="cond" truecount="2" falsecount="0"/>
      <line num="64" count="292" type="stmt"/>
      <line num="72" count="342" type="cond" truecount="2" falsecount="0"/>
      <line num="76" count="54" type="stmt"/>
      <line num="83" count="342" type="stmt"/>
      <line num="87" count="2" type="stmt"/>
    </file>
    <file name="matrix-transformations.js" path="C:\workspace\projects\rgbead-scraper\matrix-transformations.js">
      <metrics statements="141" coveredstatements="141" conditionals="42" coveredconditionals="42" methods="20" coveredmethods="20"/>
      <line num="1" count="1" type="stmt"/>
      <line num="4" count="6" type="stmt"/>
      <line num="5" count="6" type="stmt"/>
      <line num="6" count="10012" type="stmt"/>
      <line num="7" count="10012" type="stmt"/>
      <line num="8" count="10012" type="stmt"/>
      <line num="9" count="10012" type="stmt"/>
      <line num="10" count="10012" type="stmt"/>
      <line num="12" count="10012" type="cond" truecount="2" falsecount="0"/>
      <line num="13" count="10010" type="stmt"/>
      <line num="16" count="6" type="stmt"/>
      <line num="20" count="5" type="cond" truecount="4" falsecount="0"/>
      <line num="21" count="1" type="stmt"/>
      <line num="24" count="4" type="stmt"/>
      <line num="25" count="4" type="stmt"/>
      <line num="26" count="4" type="stmt"/>
      <line num="27" count="4" type="stmt"/>
      <line num="30" count="4" type="cond" truecount="2" falsecount="0"/>
      <line num="31" count="2" type="stmt"/>
      <line num="32" count="4" type="stmt"/>
      <line num="33" count="4" type="stmt"/>
      <line num="34" count="4" type="stmt"/>
      <line num="35" count="4" type="stmt"/>
      <line num="40" count="4" type="cond" truecount="2" falsecount="0"/>
      <line num="41" count="2" type="stmt"/>
      <line num="42" count="4" type="stmt"/>
      <line num="43" count="4" type="stmt"/>
      <line num="44" count="4" type="stmt"/>
      <line num="49" count="4" type="cond" truecount="2" falsecount="0"/>
      <line num="54" count="9" type="cond" truecount="2" falsecount="0"/>
      <line num="58" count="9" type="cond" truecount="2" falsecount="0"/>
      <line num="60" count="1" type="stmt"/>
      <line num="63" count="8" type="cond" truecount="2" falsecount="0"/>
      <line num="67" count="16" type="cond" truecount="2" falsecount="0"/>
      <line num="69" count="1" type="stmt"/>
      <line num="72" count="7" type="stmt"/>
      <line num="77" count="7" type="stmt"/>
      <line num="78" count="7" type="stmt"/>
      <line num="79" count="7" type="stmt"/>
      <line num="80" count="7" type="cond" truecount="2" falsecount="0"/>
      <line num="82" count="7" type="stmt"/>
      <line num="84" count="7" type="stmt"/>
      <line num="85" count="51" type="stmt"/>
      <line num="87" count="7" type="stmt"/>
      <line num="88" count="21" type="stmt"/>
      <line num="89" count="51" type="cond" truecount="2" falsecount="0"/>
      <line num="94" count="7" type="stmt"/>
      <line num="95" count="7" type="stmt"/>
      <line num="96" count="7" type="stmt"/>
      <line num="99" count="7" type="stmt"/>
      <line num="101" count="21" type="stmt"/>
      <line num="104" count="7" type="stmt"/>
      <line num="105" count="21" type="stmt"/>
      <line num="106" count="51" type="stmt"/>
      <line num="108" count="153" type="stmt"/>
      <line num="112" count="7" type="stmt"/>
      <line num="116" count="17" type="cond" truecount="2" falsecount="0"/>
      <line num="120" count="5" type="stmt"/>
      <line num="123" count="5" type="stmt"/>
      <line num="128" count="5" type="stmt"/>
      <line num="129" count="5" type="stmt"/>
      <line num="130" count="5" type="stmt"/>
      <line num="133" count="5" type="stmt"/>
      <line num="134" count="5" type="stmt"/>
      <line num="135" count="5" type="stmt"/>
      <line num="138" count="5" type="stmt"/>
      <line num="139" count="5" type="stmt"/>
      <line num="140" count="5" type="stmt"/>
      <line num="142" count="5" type="stmt"/>
      <line num="146" count="4" type="stmt"/>
      <line num="147" count="4" type="stmt"/>
      <line num="148" count="4" type="stmt"/>
      <line num="150" count="4" type="stmt"/>
      <line num="153" count="4" type="stmt"/>
      <line num="154" count="12" type="cond" truecount="2" falsecount="0"/>
      <line num="157" count="4" type="stmt"/>
      <line num="158" count="4" type="stmt"/>
      <line num="159" count="4" type="stmt"/>
      <line num="162" count="4" type="stmt"/>
      <line num="163" count="4" type="stmt"/>
      <line num="164" count="4" type="stmt"/>
      <line num="167" count="4" type="stmt"/>
      <line num="168" count="4" type="stmt"/>
      <line num="169" count="4" type="stmt"/>
      <line num="171" count="4" type="stmt"/>
      <line num="175" count="4" type="stmt"/>
      <line num="178" count="4" type="stmt"/>
      <line num="185" count="4" type="stmt"/>
      <line num="186" count="4" type="stmt"/>
      <line num="187" count="4" type="stmt"/>
      <line num="190" count="4" type="stmt"/>
      <line num="191" count="12" type="cond" truecount="2" falsecount="0"/>
      <line num="194" count="4" type="stmt"/>
      <line num="195" count="4" type="stmt"/>
      <line num="196" count="4" type="stmt"/>
      <line num="199" count="4" type="stmt"/>
      <line num="207" count="1" type="stmt"/>
      <line num="209" count="2" type="stmt"/>
      <line num="212" count="1" type="stmt"/>
      <line num="214" count="2" type="stmt"/>
      <line num="215" count="2" type="stmt"/>
      <line num="219" count="1" type="stmt"/>
      <line num="220" count="1" type="stmt"/>
      <line num="222" count="1" type="stmt"/>
      <line num="223" count="1" type="stmt"/>
      <line num="226" count="1" type="stmt"/>
      <line num="227" count="1" type="stmt"/>
      <line num="228" count="2" type="stmt"/>
      <line num="229" count="2" type="stmt"/>
      <line num="230" count="6" type="stmt"/>
      <line num="232" count="2" type="stmt"/>
      <line num="237" count="2" type="stmt"/>
      <line num="238" count="2" type="stmt"/>
      <line num="242" count="1" type="stmt"/>
      <line num="243" count="1" type="stmt"/>
      <line num="244" count="2" type="stmt"/>
      <line num="245" count="2" type="stmt"/>
      <line num="246" count="6" type="stmt"/>
      <line num="248" count="2" type="stmt"/>
      <line num="253" count="2" type="stmt"/>
      <line num="254" count="2" type="stmt"/>
      <line num="258" count="1" type="stmt"/>
      <line num="260" count="1" type="stmt"/>
      <line num="261" count="1" type="stmt"/>
      <line num="262" count="2" type="stmt"/>
      <line num="263" count="2" type="stmt"/>
      <line num="264" count="2" type="stmt"/>
      <line num="265" count="2" type="stmt"/>
      <line num="266" count="2" type="stmt"/>
      <line num="269" count="1" type="stmt"/>
      <line num="270" count="2" type="stmt"/>
      <line num="272" count="1" type="stmt"/>
      <line num="273" count="1" type="stmt"/>
      <line num="274" count="2" type="stmt"/>
      <line num="277" count="1" type="stmt"/>
      <line num="278" count="1" type="stmt"/>
      <line num="279" count="2" type="stmt"/>
      <line num="283" count="2" type="stmt"/>
      <line num="286" count="2" type="stmt"/>
      <line num="293" count="1" type="stmt"/>
      <line num="296" count="1" type="stmt"/>
    </file>
  </project>
</coverage>
