{"C:\\workspace\\projects\\rgbead-scraper\\index.js": {"path":"C:\\workspace\\projects\\rgbead-scraper\\index.js","statementMap":{"0":{"start":{"line":1,"column":16},"end":{"line":1,"column":34}},"1":{"start":{"line":2,"column":14},"end":{"line":2,"column":30}},"2":{"start":{"line":3,"column":16},"end":{"line":3,"column":34}},"3":{"start":{"line":4,"column":13},"end":{"line":4,"column":28}},"4":{"start":{"line":5,"column":14},"end":{"line":5,"column":30}},"5":{"start":{"line":6,"column":15},"end":{"line":6,"column":32}},"6":{"start":{"line":7,"column":25},"end":{"line":7,"column":60}},"7":{"start":{"line":9,"column":12},"end":{"line":9,"column":21}},"8":{"start":{"line":10,"column":13},"end":{"line":10,"column":37}},"9":{"start":{"line":11,"column":15},"end":{"line":11,"column":23}},"10":{"start":{"line":13,"column":0},"end":{"line":13,"column":16}},"11":{"start":{"line":15,"column":22},"end":{"line":15,"column":24}},"12":{"start":{"line":17,"column":0},"end":{"line":44,"column":3}},"13":{"start":{"line":18,"column":19},"end":{"line":18,"column":54}},"14":{"start":{"line":19,"column":2},"end":{"line":43,"column":3}},"15":{"start":{"line":20,"column":24},"end":{"line":20,"column":56}},"16":{"start":{"line":21,"column":18},"end":{"line":21,"column":36}},"17":{"start":{"line":22,"column":27},"end":{"line":25,"column":44}},"18":{"start":{"line":27,"column":30},"end":{"line":27,"column":34}},"19":{"start":{"line":28,"column":19},"end":{"line":28,"column":35}},"20":{"start":{"line":29,"column":53},"end":{"line":32,"column":5}},"21":{"start":{"line":33,"column":4},"end":{"line":33,"column":51}},"22":{"start":{"line":35,"column":4},"end":{"line":40,"column":7}},"23":{"start":{"line":42,"column":4},"end":{"line":42,"column":55}},"24":{"start":{"line":46,"column":0},"end":{"line":81,"column":3}},"25":{"start":{"line":47,"column":2},"end":{"line":47,"column":55}},"26":{"start":{"line":48,"column":2},"end":{"line":80,"column":3}},"27":{"start":{"line":49,"column":4},"end":{"line":53,"column":5}},"28":{"start":{"line":50,"column":6},"end":{"line":52,"column":70}},"29":{"start":{"line":54,"column":4},"end":{"line":56,"column":5}},"30":{"start":{"line":55,"column":6},"end":{"line":55,"column":66}},"31":{"start":{"line":57,"column":24},"end":{"line":57,"column":39}},"32":{"start":{"line":58,"column":18},"end":{"line":58,"column":36}},"33":{"start":{"line":59,"column":27},"end":{"line":62,"column":44}},"34":{"start":{"line":64,"column":30},"end":{"line":64,"column":34}},"35":{"start":{"line":65,"column":19},"end":{"line":65,"column":35}},"36":{"start":{"line":66,"column":53},"end":{"line":69,"column":5}},"37":{"start":{"line":71,"column":4},"end":{"line":76,"column":7}},"38":{"start":{"line":78,"column":4},"end":{"line":78,"column":25}},"39":{"start":{"line":79,"column":4},"end":{"line":79,"column":59}},"40":{"start":{"line":83,"column":0},"end":{"line":127,"column":3}},"41":{"start":{"line":85,"column":2},"end":{"line":126,"column":3}},"42":{"start":{"line":87,"column":6},"end":{"line":87,"column":181}},"43":{"start":{"line":88,"column":21},"end":{"line":88,"column":41}},"44":{"start":{"line":89,"column":4},"end":{"line":89,"column":47}},"45":{"start":{"line":90,"column":14},"end":{"line":90,"column":32}},"46":{"start":{"line":92,"column":4},"end":{"line":118,"column":7}},"47":{"start":{"line":93,"column":18},"end":{"line":93,"column":23}},"48":{"start":{"line":94,"column":20},"end":{"line":94,"column":44}},"49":{"start":{"line":96,"column":28},"end":{"line":96,"column":30}},"50":{"start":{"line":99,"column":6},"end":{"line":117,"column":9}},"51":{"start":{"line":100,"column":25},"end":{"line":100,"column":44}},"52":{"start":{"line":101,"column":8},"end":{"line":116,"column":9}},"53":{"start":{"line":103,"column":12},"end":{"line":103,"column":40}},"54":{"start":{"line":104,"column":12},"end":{"line":104,"column":18}},"55":{"start":{"line":106,"column":12},"end":{"line":106,"column":47}},"56":{"start":{"line":107,"column":12},"end":{"line":107,"column":18}},"57":{"start":{"line":109,"column":12},"end":{"line":109,"column":47}},"58":{"start":{"line":110,"column":12},"end":{"line":110,"column":18}},"59":{"start":{"line":112,"column":12},"end":{"line":112,"column":47}},"60":{"start":{"line":113,"column":29},"end":{"line":113,"column":51}},"61":{"start":{"line":114,"column":12},"end":{"line":114,"column":55}},"62":{"start":{"line":115,"column":12},"end":{"line":115,"column":18}},"63":{"start":{"line":119,"column":4},"end":{"line":121,"column":5}},"64":{"start":{"line":120,"column":6},"end":{"line":120,"column":68}},"65":{"start":{"line":122,"column":4},"end":{"line":122,"column":40}},"66":{"start":{"line":124,"column":4},"end":{"line":124,"column":42}},"67":{"start":{"line":125,"column":4},"end":{"line":125,"column":61}},"68":{"start":{"line":129,"column":0},"end":{"line":129,"column":21}}},"fnMap":{"0":{"name":"(anonymous_0)","decl":{"start":{"line":17,"column":30},"end":{"line":17,"column":31}},"loc":{"start":{"line":17,"column":50},"end":{"line":44,"column":1}},"line":17},"1":{"name":"(anonymous_1)","decl":{"start":{"line":46,"column":54},"end":{"line":46,"column":55}},"loc":{"start":{"line":46,"column":74},"end":{"line":81,"column":1}},"line":46},"2":{"name":"(anonymous_2)","decl":{"start":{"line":83,"column":23},"end":{"line":83,"column":24}},"loc":{"start":{"line":83,"column":43},"end":{"line":127,"column":1}},"line":83},"3":{"name":"(anonymous_3)","decl":{"start":{"line":92,"column":17},"end":{"line":92,"column":18}},"loc":{"start":{"line":92,"column":28},"end":{"line":118,"column":5}},"line":92},"4":{"name":"(anonymous_4)","decl":{"start":{"line":99,"column":17},"end":{"line":99,"column":18}},"loc":{"start":{"line":99,"column":32},"end":{"line":117,"column":7}},"line":99}},"branchMap":{"0":{"loc":{"start":{"line":10,"column":13},"end":{"line":10,"column":37}},"type":"binary-expr","locations":[{"start":{"line":10,"column":13},"end":{"line":10,"column":29}},{"start":{"line":10,"column":33},"end":{"line":10,"column":37}}],"line":10},"1":{"loc":{"start":{"line":49,"column":4},"end":{"line":53,"column":5}},"type":"if","locations":[{"start":{"line":49,"column":4},"end":{"line":53,"column":5}},{"start":{},"end":{}}],"line":49},"2":{"loc":{"start":{"line":54,"column":4},"end":{"line":56,"column":5}},"type":"if","locations":[{"start":{"line":54,"column":4},"end":{"line":56,"column":5}},{"start":{},"end":{}}],"line":54},"3":{"loc":{"start":{"line":101,"column":8},"end":{"line":116,"column":9}},"type":"switch","locations":[{"start":{"line":102,"column":10},"end":{"line":104,"column":18}},{"start":{"line":105,"column":10},"end":{"line":107,"column":18}},{"start":{"line":108,"column":10},"end":{"line":110,"column":18}},{"start":{"line":111,"column":10},"end":{"line":115,"column":18}}],"line":101},"4":{"loc":{"start":{"line":119,"column":4},"end":{"line":121,"column":5}},"type":"if","locations":[{"start":{"line":119,"column":4},"end":{"line":121,"column":5}},{"start":{},"end":{}}],"line":119},"5":{"loc":{"start":{"line":119,"column":8},"end":{"line":119,"column":65}},"type":"binary-expr","locations":[{"start":{"line":119,"column":8},"end":{"line":119,"column":22}},{"start":{"line":119,"column":26},"end":{"line":119,"column":65}}],"line":119}},"s":{"0":1,"1":1,"2":1,"3":1,"4":1,"5":1,"6":1,"7":1,"8":1,"9":1,"10":1,"11":1,"12":1,"13":5,"14":5,"15":5,"16":2,"17":2,"18":2,"19":2,"20":2,"21":1,"22":1,"23":4,"24":1,"25":4,"26":4,"27":4,"28":0,"29":4,"30":4,"31":0,"32":0,"33":0,"34":0,"35":0,"36":0,"37":0,"38":0,"39":0,"40":1,"41":2,"42":2,"43":2,"44":1,"45":1,"46":1,"47":0,"48":0,"49":0,"50":0,"51":0,"52":0,"53":0,"54":0,"55":0,"56":0,"57":0,"58":0,"59":0,"60":0,"61":0,"62":0,"63":0,"64":0,"65":0,"66":2,"67":2,"68":1},"f":{"0":5,"1":4,"2":2,"3":0,"4":0},"b":{"0":[1,1],"1":[0,4],"2":[4,0],"3":[0,0,0,0],"4":[0,0],"5":[0,0]},"_coverageSchema":"1a1c01bbd47fc00a2c39e90264f33305004495a9","hash":"bb76ddf89755a4ce2346c7176250dd8d16a64a03"}
,"C:\\workspace\\projects\\rgbead-scraper\\kd-tree.js": {"path":"C:\\workspace\\projects\\rgbead-scraper\\kd-tree.js","statementMap":{"0":{"start":{"line":6,"column":4},"end":{"line":6,"column":26}},"1":{"start":{"line":9,"column":4},"end":{"line":14,"column":5}},"2":{"start":{"line":10,"column":6},"end":{"line":10,"column":24}},"3":{"start":{"line":11,"column":6},"end":{"line":11,"column":23}},"4":{"start":{"line":12,"column":6},"end":{"line":12,"column":24}},"5":{"start":{"line":13,"column":6},"end":{"line":13,"column":13}},"6":{"start":{"line":16,"column":4},"end":{"line":22,"column":5}},"7":{"start":{"line":17,"column":6},"end":{"line":17,"column":29}},"8":{"start":{"line":18,"column":6},"end":{"line":18,"column":28}},"9":{"start":{"line":19,"column":6},"end":{"line":19,"column":23}},"10":{"start":{"line":20,"column":6},"end":{"line":20,"column":24}},"11":{"start":{"line":21,"column":6},"end":{"line":21,"column":13}},"12":{"start":{"line":25,"column":4},"end":{"line":25,"column":55}},"13":{"start":{"line":25,"column":26},"end":{"line":25,"column":53}},"14":{"start":{"line":26,"column":21},"end":{"line":26,"column":50}},"15":{"start":{"line":29,"column":4},"end":{"line":29,"column":34}},"16":{"start":{"line":30,"column":4},"end":{"line":30,"column":65}},"17":{"start":{"line":31,"column":4},"end":{"line":31,"column":67}},"18":{"start":{"line":35,"column":19},"end":{"line":35,"column":47}},"19":{"start":{"line":36,"column":19},"end":{"line":36,"column":47}},"20":{"start":{"line":37,"column":19},"end":{"line":37,"column":47}},"21":{"start":{"line":38,"column":4},"end":{"line":38,"column":47}},"22":{"start":{"line":46,"column":4},"end":{"line":49,"column":5}},"23":{"start":{"line":48,"column":6},"end":{"line":48,"column":23}},"24":{"start":{"line":50,"column":17},"end":{"line":50,"column":26}},"25":{"start":{"line":51,"column":21},"end":{"line":51,"column":68}},"26":{"start":{"line":54,"column":4},"end":{"line":57,"column":5}},"27":{"start":{"line":56,"column":6},"end":{"line":56,"column":50}},"28":{"start":{"line":59,"column":22},"end":{"line":59,"column":77}},"29":{"start":{"line":60,"column":27},"end":{"line":60,"column":66}},"30":{"start":{"line":63,"column":4},"end":{"line":69,"column":5}},"31":{"start":{"line":64,"column":6},"end":{"line":68,"column":8}},"32":{"start":{"line":72,"column":4},"end":{"line":81,"column":5}},"33":{"start":{"line":76,"column":6},"end":{"line":80,"column":8}},"34":{"start":{"line":83,"column":4},"end":{"line":83,"column":21}},"35":{"start":{"line":87,"column":0},"end":{"line":87,"column":24}}},"fnMap":{"0":{"name":"(anonymous_0)","decl":{"start":{"line":5,"column":2},"end":{"line":5,"column":3}},"loc":{"start":{"line":5,"column":38},"end":{"line":32,"column":3}},"line":5},"1":{"name":"(anonymous_1)","decl":{"start":{"line":25,"column":16},"end":{"line":25,"column":17}},"loc":{"start":{"line":25,"column":26},"end":{"line":25,"column":53}},"line":25},"2":{"name":"(anonymous_2)","decl":{"start":{"line":34,"column":2},"end":{"line":34,"column":3}},"loc":{"start":{"line":34,"column":36},"end":{"line":39,"column":3}},"line":34},"3":{"name":"(anonymous_3)","decl":{"start":{"line":41,"column":2},"end":{"line":41,"column":3}},"loc":{"start":{"line":45,"column":4},"end":{"line":84,"column":3}},"line":45}},"branchMap":{"0":{"loc":{"start":{"line":5,"column":14},"end":{"line":5,"column":25}},"type":"default-arg","locations":[{"start":{"line":5,"column":23},"end":{"line":5,"column":25}}],"line":5},"1":{"loc":{"start":{"line":5,"column":27},"end":{"line":5,"column":36}},"type":"default-arg","locations":[{"start":{"line":5,"column":35},"end":{"line":5,"column":36}}],"line":5},"2":{"loc":{"start":{"line":9,"column":4},"end":{"line":14,"column":5}},"type":"if","locations":[{"start":{"line":9,"column":4},"end":{"line":14,"column":5}},{"start":{},"end":{}}],"line":9},"3":{"loc":{"start":{"line":16,"column":4},"end":{"line":22,"column":5}},"type":"if","locations":[{"start":{"line":16,"column":4},"end":{"line":22,"column":5}},{"start":{},"end":{}}],"line":16},"4":{"loc":{"start":{"line":43,"column":4},"end":{"line":43,"column":13}},"type":"default-arg","locations":[{"start":{"line":43,"column":12},"end":{"line":43,"column":13}}],"line":43},"5":{"loc":{"start":{"line":44,"column":4},"end":{"line":44,"column":51}},"type":"default-arg","locations":[{"start":{"line":44,"column":16},"end":{"line":44,"column":51}}],"line":44},"6":{"loc":{"start":{"line":46,"column":4},"end":{"line":49,"column":5}},"type":"if","locations":[{"start":{"line":46,"column":4},"end":{"line":49,"column":5}},{"start":{},"end":{}}],"line":46},"7":{"loc":{"start":{"line":54,"column":4},"end":{"line":57,"column":5}},"type":"if","locations":[{"start":{"line":54,"column":4},"end":{"line":57,"column":5}},{"start":{},"end":{}}],"line":54},"8":{"loc":{"start":{"line":59,"column":22},"end":{"line":59,"column":77}},"type":"cond-expr","locations":[{"start":{"line":59,"column":61},"end":{"line":59,"column":67}},{"start":{"line":59,"column":70},"end":{"line":59,"column":77}}],"line":59},"9":{"loc":{"start":{"line":60,"column":27},"end":{"line":60,"column":66}},"type":"cond-expr","locations":[{"start":{"line":60,"column":50},"end":{"line":60,"column":57}},{"start":{"line":60,"column":60},"end":{"line":60,"column":66}}],"line":60},"10":{"loc":{"start":{"line":63,"column":4},"end":{"line":69,"column":5}},"type":"if","locations":[{"start":{"line":63,"column":4},"end":{"line":69,"column":5}},{"start":{},"end":{}}],"line":63},"11":{"loc":{"start":{"line":72,"column":4},"end":{"line":81,"column":5}},"type":"if","locations":[{"start":{"line":72,"column":4},"end":{"line":81,"column":5}},{"start":{},"end":{}}],"line":72},"12":{"loc":{"start":{"line":73,"column":6},"end":{"line":74,"column":73}},"type":"binary-expr","locations":[{"start":{"line":73,"column":6},"end":{"line":73,"column":26}},{"start":{"line":74,"column":6},"end":{"line":74,"column":73}}],"line":73}},"s":{"0":91544,"1":91544,"2":13002,"3":13002,"4":13002,"5":13002,"6":78542,"7":32779,"8":32779,"9":32779,"10":32779,"11":32779,"12":45763,"13":4555283,"14":45763,"15":45763,"16":45763,"17":45763,"18":344,"19":344,"20":344,"21":344,"22":355,"23":13,"24":342,"25":342,"26":342,"27":22,"28":342,"29":342,"30":342,"31":292,"32":342,"33":54,"34":342,"35":2},"f":{"0":91544,"1":4555283,"2":344,"3":355},"b":{"0":[1],"1":[18],"2":[13002,78542],"3":[32779,45763],"4":[9],"5":[9],"6":[13,342],"7":[22,320],"8":[167,175],"9":[167,175],"10":[292,50],"11":[54,288],"12":[342,292]},"_coverageSchema":"1a1c01bbd47fc00a2c39e90264f33305004495a9","hash":"872ee8f89f70939e6e123ad89ebdaa60e98b163b"}
,"C:\\workspace\\projects\\rgbead-scraper\\matrix-transformations.js": {"path":"C:\\workspace\\projects\\rgbead-scraper\\matrix-transformations.js","statementMap":{"0":{"start":{"line":1,"column":15},"end":{"line":1,"column":35}},"1":{"start":{"line":4,"column":17},"end":{"line":4,"column":19}},"2":{"start":{"line":5,"column":2},"end":{"line":15,"column":3}},"3":{"start":{"line":5,"column":15},"end":{"line":5,"column":16}},"4":{"start":{"line":6,"column":14},"end":{"line":6,"column":23}},"5":{"start":{"line":7,"column":14},"end":{"line":7,"column":27}},"6":{"start":{"line":8,"column":14},"end":{"line":8,"column":27}},"7":{"start":{"line":9,"column":14},"end":{"line":9,"column":27}},"8":{"start":{"line":10,"column":21},"end":{"line":10,"column":43}},"9":{"start":{"line":12,"column":4},"end":{"line":14,"column":5}},"10":{"start":{"line":13,"column":6},"end":{"line":13,"column":40}},"11":{"start":{"line":16,"column":2},"end":{"line":16,"column":16}},"12":{"start":{"line":20,"column":2},"end":{"line":22,"column":3}},"13":{"start":{"line":21,"column":4},"end":{"line":21,"column":74}},"14":{"start":{"line":24,"column":12},"end":{"line":24,"column":14}},"15":{"start":{"line":25,"column":12},"end":{"line":25,"column":14}},"16":{"start":{"line":26,"column":12},"end":{"line":26,"column":14}},"17":{"start":{"line":27,"column":12},"end":{"line":27,"column":14}},"18":{"start":{"line":30,"column":2},"end":{"line":37,"column":3}},"19":{"start":{"line":31,"column":4},"end":{"line":36,"column":5}},"20":{"start":{"line":31,"column":17},"end":{"line":31,"column":18}},"21":{"start":{"line":32,"column":6},"end":{"line":32,"column":26}},"22":{"start":{"line":33,"column":6},"end":{"line":33,"column":30}},"23":{"start":{"line":34,"column":6},"end":{"line":34,"column":30}},"24":{"start":{"line":35,"column":6},"end":{"line":35,"column":30}},"25":{"start":{"line":40,"column":2},"end":{"line":46,"column":3}},"26":{"start":{"line":41,"column":4},"end":{"line":45,"column":5}},"27":{"start":{"line":41,"column":17},"end":{"line":41,"column":18}},"28":{"start":{"line":42,"column":6},"end":{"line":42,"column":26}},"29":{"start":{"line":43,"column":6},"end":{"line":43,"column":30}},"30":{"start":{"line":44,"column":6},"end":{"line":44,"column":30}},"31":{"start":{"line":49,"column":2},"end":{"line":49,"column":49}},"32":{"start":{"line":54,"column":2},"end":{"line":61,"column":3}},"33":{"start":{"line":58,"column":31},"end":{"line":58,"column":70}},"34":{"start":{"line":60,"column":4},"end":{"line":60,"column":52}},"35":{"start":{"line":63,"column":2},"end":{"line":70,"column":3}},"36":{"start":{"line":67,"column":31},"end":{"line":67,"column":70}},"37":{"start":{"line":69,"column":4},"end":{"line":69,"column":52}},"38":{"start":{"line":72,"column":28},"end":{"line":76,"column":3}},"39":{"start":{"line":77,"column":12},"end":{"line":77,"column":25}},"40":{"start":{"line":78,"column":12},"end":{"line":78,"column":25}},"41":{"start":{"line":79,"column":12},"end":{"line":79,"column":25}},"42":{"start":{"line":80,"column":12},"end":{"line":80,"column":79}},"43":{"start":{"line":82,"column":24},"end":{"line":82,"column":33}},"44":{"start":{"line":84,"column":27},"end":{"line":86,"column":3}},"45":{"start":{"line":85,"column":4},"end":{"line":85,"column":42}},"46":{"start":{"line":85,"column":30},"end":{"line":85,"column":41}},"47":{"start":{"line":87,"column":27},"end":{"line":91,"column":3}},"48":{"start":{"line":88,"column":4},"end":{"line":90,"column":5}},"49":{"start":{"line":89,"column":6},"end":{"line":89,"column":79}},"50":{"start":{"line":94,"column":16},"end":{"line":94,"column":40}},"51":{"start":{"line":95,"column":16},"end":{"line":95,"column":43}},"52":{"start":{"line":96,"column":16},"end":{"line":96,"column":42}},"53":{"start":{"line":99,"column":17},"end":{"line":101,"column":36}},"54":{"start":{"line":101,"column":15},"end":{"line":101,"column":35}},"55":{"start":{"line":104,"column":2},"end":{"line":111,"column":3}},"56":{"start":{"line":104,"column":15},"end":{"line":104,"column":16}},"57":{"start":{"line":105,"column":4},"end":{"line":110,"column":5}},"58":{"start":{"line":105,"column":17},"end":{"line":105,"column":18}},"59":{"start":{"line":106,"column":6},"end":{"line":109,"column":7}},"60":{"start":{"line":106,"column":19},"end":{"line":106,"column":20}},"61":{"start":{"line":108,"column":8},"end":{"line":108,"column":73}},"62":{"start":{"line":112,"column":2},"end":{"line":112,"column":28}},"63":{"start":{"line":116,"column":2},"end":{"line":116,"column":71}},"64":{"start":{"line":120,"column":22},"end":{"line":120,"column":30}},"65":{"start":{"line":123,"column":34},"end":{"line":123,"column":44}},"66":{"start":{"line":128,"column":13},"end":{"line":128,"column":19}},"67":{"start":{"line":129,"column":13},"end":{"line":129,"column":19}},"68":{"start":{"line":130,"column":13},"end":{"line":130,"column":19}},"69":{"start":{"line":133,"column":13},"end":{"line":133,"column":48}},"70":{"start":{"line":134,"column":13},"end":{"line":134,"column":48}},"71":{"start":{"line":135,"column":13},"end":{"line":135,"column":48}},"72":{"start":{"line":138,"column":12},"end":{"line":138,"column":25}},"73":{"start":{"line":139,"column":12},"end":{"line":139,"column":27}},"74":{"start":{"line":140,"column":12},"end":{"line":140,"column":27}},"75":{"start":{"line":142,"column":2},"end":{"line":142,"column":21}},"76":{"start":{"line":146,"column":12},"end":{"line":146,"column":23}},"77":{"start":{"line":147,"column":12},"end":{"line":147,"column":23}},"78":{"start":{"line":148,"column":12},"end":{"line":148,"column":23}},"79":{"start":{"line":150,"column":34},"end":{"line":150,"column":44}},"80":{"start":{"line":153,"column":16},"end":{"line":153,"column":22}},"81":{"start":{"line":154,"column":19},"end":{"line":154,"column":78}},"82":{"start":{"line":154,"column":27},"end":{"line":154,"column":77}},"83":{"start":{"line":157,"column":13},"end":{"line":157,"column":27}},"84":{"start":{"line":158,"column":13},"end":{"line":158,"column":25}},"85":{"start":{"line":159,"column":13},"end":{"line":159,"column":25}},"86":{"start":{"line":162,"column":13},"end":{"line":162,"column":25}},"87":{"start":{"line":163,"column":13},"end":{"line":163,"column":25}},"88":{"start":{"line":164,"column":13},"end":{"line":164,"column":25}},"89":{"start":{"line":167,"column":12},"end":{"line":167,"column":19}},"90":{"start":{"line":168,"column":12},"end":{"line":168,"column":19}},"91":{"start":{"line":169,"column":12},"end":{"line":169,"column":19}},"92":{"start":{"line":171,"column":2},"end":{"line":171,"column":21}},"93":{"start":{"line":175,"column":22},"end":{"line":175,"column":30}},"94":{"start":{"line":178,"column":12},"end":{"line":182,"column":3}},"95":{"start":{"line":185,"column":18},"end":{"line":185,"column":57}},"96":{"start":{"line":186,"column":18},"end":{"line":186,"column":57}},"97":{"start":{"line":187,"column":18},"end":{"line":187,"column":57}},"98":{"start":{"line":190,"column":23},"end":{"line":191,"column":69}},"99":{"start":{"line":191,"column":4},"end":{"line":191,"column":69}},"100":{"start":{"line":194,"column":12},"end":{"line":194,"column":59}},"101":{"start":{"line":195,"column":12},"end":{"line":195,"column":59}},"102":{"start":{"line":196,"column":12},"end":{"line":196,"column":59}},"103":{"start":{"line":199,"column":2},"end":{"line":203,"column":4}},"104":{"start":{"line":207,"column":17},"end":{"line":210,"column":3}},"105":{"start":{"line":209,"column":24},"end":{"line":209,"column":36}},"106":{"start":{"line":212,"column":22},"end":{"line":216,"column":4}},"107":{"start":{"line":214,"column":28},"end":{"line":214,"column":62}},"108":{"start":{"line":215,"column":4},"end":{"line":215,"column":72}},"109":{"start":{"line":219,"column":28},"end":{"line":219,"column":44}},"110":{"start":{"line":220,"column":28},"end":{"line":220,"column":57}},"111":{"start":{"line":222,"column":32},"end":{"line":222,"column":60}},"112":{"start":{"line":223,"column":33},"end":{"line":223,"column":66}},"113":{"start":{"line":226,"column":27},"end":{"line":226,"column":29}},"114":{"start":{"line":227,"column":2},"end":{"line":239,"column":3}},"115":{"start":{"line":227,"column":15},"end":{"line":227,"column":16}},"116":{"start":{"line":228,"column":18},"end":{"line":228,"column":20}},"117":{"start":{"line":229,"column":4},"end":{"line":231,"column":5}},"118":{"start":{"line":229,"column":17},"end":{"line":229,"column":18}},"119":{"start":{"line":230,"column":6},"end":{"line":230,"column":46}},"120":{"start":{"line":232,"column":21},"end":{"line":236,"column":5}},"121":{"start":{"line":237,"column":21},"end":{"line":237,"column":54}},"122":{"start":{"line":238,"column":4},"end":{"line":238,"column":36}},"123":{"start":{"line":242,"column":32},"end":{"line":242,"column":34}},"124":{"start":{"line":243,"column":2},"end":{"line":255,"column":3}},"125":{"start":{"line":243,"column":15},"end":{"line":243,"column":16}},"126":{"start":{"line":244,"column":18},"end":{"line":244,"column":20}},"127":{"start":{"line":245,"column":4},"end":{"line":247,"column":5}},"128":{"start":{"line":245,"column":17},"end":{"line":245,"column":18}},"129":{"start":{"line":246,"column":6},"end":{"line":246,"column":51}},"130":{"start":{"line":248,"column":21},"end":{"line":252,"column":5}},"131":{"start":{"line":253,"column":21},"end":{"line":253,"column":54}},"132":{"start":{"line":254,"column":4},"end":{"line":254,"column":41}},"133":{"start":{"line":258,"column":26},"end":{"line":258,"column":59}},"134":{"start":{"line":260,"column":19},"end":{"line":260,"column":21}},"135":{"start":{"line":261,"column":2},"end":{"line":267,"column":3}},"136":{"start":{"line":261,"column":15},"end":{"line":261,"column":16}},"137":{"start":{"line":262,"column":18},"end":{"line":262,"column":37}},"138":{"start":{"line":263,"column":21},"end":{"line":263,"column":69}},"139":{"start":{"line":264,"column":21},"end":{"line":264,"column":39}},"140":{"start":{"line":265,"column":22},"end":{"line":265,"column":75}},"141":{"start":{"line":266,"column":4},"end":{"line":266,"column":29}},"142":{"start":{"line":269,"column":20},"end":{"line":269,"column":52}},"143":{"start":{"line":270,"column":23},"end":{"line":270,"column":79}},"144":{"start":{"line":270,"column":56},"end":{"line":270,"column":78}},"145":{"start":{"line":272,"column":31},"end":{"line":272,"column":33}},"146":{"start":{"line":273,"column":2},"end":{"line":275,"column":3}},"147":{"start":{"line":273,"column":15},"end":{"line":273,"column":16}},"148":{"start":{"line":274,"column":4},"end":{"line":274,"column":57}},"149":{"start":{"line":277,"column":24},"end":{"line":277,"column":26}},"150":{"start":{"line":278,"column":2},"end":{"line":292,"column":3}},"151":{"start":{"line":278,"column":15},"end":{"line":278,"column":16}},"152":{"start":{"line":279,"column":21},"end":{"line":281,"column":6}},"153":{"start":{"line":283,"column":28},"end":{"line":285,"column":18}},"154":{"start":{"line":286,"column":4},"end":{"line":291,"column":6}},"155":{"start":{"line":293,"column":2},"end":{"line":293,"column":50}},"156":{"start":{"line":296,"column":0},"end":{"line":305,"column":2}}},"fnMap":{"0":{"name":"parseColors","decl":{"start":{"line":3,"column":9},"end":{"line":3,"column":20}},"loc":{"start":{"line":3,"column":29},"end":{"line":17,"column":1}},"line":3},"1":{"name":"toMatrix","decl":{"start":{"line":19,"column":9},"end":{"line":19,"column":17}},"loc":{"start":{"line":19,"column":48},"end":{"line":50,"column":1}},"line":19},"2":{"name":"RGBAtoXYZA","decl":{"start":{"line":52,"column":9},"end":{"line":52,"column":19}},"loc":{"start":{"line":52,"column":32},"end":{"line":113,"column":1}},"line":52},"3":{"name":"(anonymous_3)","decl":{"start":{"line":58,"column":22},"end":{"line":58,"column":23}},"loc":{"start":{"line":58,"column":31},"end":{"line":58,"column":70}},"line":58},"4":{"name":"(anonymous_4)","decl":{"start":{"line":67,"column":22},"end":{"line":67,"column":23}},"loc":{"start":{"line":67,"column":31},"end":{"line":67,"column":70}},"line":67},"5":{"name":"(anonymous_5)","decl":{"start":{"line":84,"column":45},"end":{"line":84,"column":46}},"loc":{"start":{"line":85,"column":4},"end":{"line":85,"column":42}},"line":85},"6":{"name":"(anonymous_6)","decl":{"start":{"line":85,"column":19},"end":{"line":85,"column":20}},"loc":{"start":{"line":85,"column":30},"end":{"line":85,"column":41}},"line":85},"7":{"name":"(anonymous_7)","decl":{"start":{"line":87,"column":48},"end":{"line":87,"column":49}},"loc":{"start":{"line":88,"column":4},"end":{"line":90,"column":5}},"line":88},"8":{"name":"(anonymous_8)","decl":{"start":{"line":88,"column":19},"end":{"line":88,"column":20}},"loc":{"start":{"line":89,"column":6},"end":{"line":89,"column":79}},"line":89},"9":{"name":"(anonymous_9)","decl":{"start":{"line":101,"column":9},"end":{"line":101,"column":10}},"loc":{"start":{"line":101,"column":15},"end":{"line":101,"column":35}},"line":101},"10":{"name":"transformationFunction_XYZtoLAB","decl":{"start":{"line":115,"column":9},"end":{"line":115,"column":40}},"loc":{"start":{"line":115,"column":60},"end":{"line":117,"column":1}},"line":115},"11":{"name":"XYZtoLab","decl":{"start":{"line":119,"column":9},"end":{"line":119,"column":17}},"loc":{"start":{"line":119,"column":79},"end":{"line":143,"column":1}},"line":119},"12":{"name":"LabToXYZ","decl":{"start":{"line":145,"column":9},"end":{"line":145,"column":17}},"loc":{"start":{"line":145,"column":78},"end":{"line":172,"column":1}},"line":145},"13":{"name":"(anonymous_13)","decl":{"start":{"line":154,"column":19},"end":{"line":154,"column":20}},"loc":{"start":{"line":154,"column":27},"end":{"line":154,"column":77}},"line":154},"14":{"name":"XYZtoRGB","decl":{"start":{"line":174,"column":9},"end":{"line":174,"column":17}},"loc":{"start":{"line":174,"column":28},"end":{"line":204,"column":1}},"line":174},"15":{"name":"(anonymous_15)","decl":{"start":{"line":190,"column":23},"end":{"line":190,"column":24}},"loc":{"start":{"line":191,"column":4},"end":{"line":191,"column":69}},"line":191},"16":{"name":"processImage","decl":{"start":{"line":206,"column":9},"end":{"line":206,"column":21}},"loc":{"start":{"line":206,"column":45},"end":{"line":294,"column":1}},"line":206},"17":{"name":"(anonymous_17)","decl":{"start":{"line":209,"column":4},"end":{"line":209,"column":5}},"loc":{"start":{"line":209,"column":24},"end":{"line":209,"column":36}},"line":209},"18":{"name":"(anonymous_18)","decl":{"start":{"line":212,"column":57},"end":{"line":212,"column":58}},"loc":{"start":{"line":212,"column":71},"end":{"line":216,"column":3}},"line":212},"19":{"name":"(anonymous_19)","decl":{"start":{"line":270,"column":36},"end":{"line":270,"column":37}},"loc":{"start":{"line":270,"column":56},"end":{"line":270,"column":78}},"line":270}},"branchMap":{"0":{"loc":{"start":{"line":12,"column":4},"end":{"line":14,"column":5}},"type":"if","locations":[{"start":{"line":12,"column":4},"end":{"line":14,"column":5}},{"start":{},"end":{}}],"line":12},"1":{"loc":{"start":{"line":19,"column":28},"end":{"line":19,"column":46}},"type":"default-arg","locations":[{"start":{"line":19,"column":40},"end":{"line":19,"column":46}}],"line":19},"2":{"loc":{"start":{"line":20,"column":2},"end":{"line":22,"column":3}},"type":"if","locations":[{"start":{"line":20,"column":2},"end":{"line":22,"column":3}},{"start":{},"end":{}}],"line":20},"3":{"loc":{"start":{"line":20,"column":6},"end":{"line":20,"column":60}},"type":"binary-expr","locations":[{"start":{"line":20,"column":6},"end":{"line":20,"column":31}},{"start":{"line":20,"column":35},"end":{"line":20,"column":60}}],"line":20},"4":{"loc":{"start":{"line":30,"column":2},"end":{"line":37,"column":3}},"type":"if","locations":[{"start":{"line":30,"column":2},"end":{"line":37,"column":3}},{"start":{},"end":{}}],"line":30},"5":{"loc":{"start":{"line":40,"column":2},"end":{"line":46,"column":3}},"type":"if","locations":[{"start":{"line":40,"column":2},"end":{"line":46,"column":3}},{"start":{},"end":{}}],"line":40},"6":{"loc":{"start":{"line":49,"column":9},"end":{"line":49,"column":48}},"type":"cond-expr","locations":[{"start":{"line":49,"column":24},"end":{"line":49,"column":36}},{"start":{"line":49,"column":39},"end":{"line":49,"column":48}}],"line":49},"7":{"loc":{"start":{"line":54,"column":2},"end":{"line":61,"column":3}},"type":"if","locations":[{"start":{"line":54,"column":2},"end":{"line":61,"column":3}},{"start":{},"end":{}}],"line":54},"8":{"loc":{"start":{"line":55,"column":4},"end":{"line":58,"column":72}},"type":"binary-expr","locations":[{"start":{"line":55,"column":4},"end":{"line":55,"column":27}},{"start":{"line":56,"column":5},"end":{"line":56,"column":31}},{"start":{"line":57,"column":6},"end":{"line":57,"column":27}},{"start":{"line":58,"column":6},"end":{"line":58,"column":71}}],"line":55},"9":{"loc":{"start":{"line":58,"column":31},"end":{"line":58,"column":70}},"type":"binary-expr","locations":[{"start":{"line":58,"column":31},"end":{"line":58,"column":50}},{"start":{"line":58,"column":54},"end":{"line":58,"column":70}}],"line":58},"10":{"loc":{"start":{"line":63,"column":2},"end":{"line":70,"column":3}},"type":"if","locations":[{"start":{"line":63,"column":2},"end":{"line":70,"column":3}},{"start":{},"end":{}}],"line":63},"11":{"loc":{"start":{"line":64,"column":4},"end":{"line":67,"column":72}},"type":"binary-expr","locations":[{"start":{"line":64,"column":4},"end":{"line":64,"column":27}},{"start":{"line":65,"column":5},"end":{"line":65,"column":31}},{"start":{"line":66,"column":6},"end":{"line":66,"column":27}},{"start":{"line":67,"column":6},"end":{"line":67,"column":71}}],"line":64},"12":{"loc":{"start":{"line":67,"column":31},"end":{"line":67,"column":70}},"type":"binary-expr","locations":[{"start":{"line":67,"column":31},"end":{"line":67,"column":50}},{"start":{"line":67,"column":54},"end":{"line":67,"column":70}}],"line":67},"13":{"loc":{"start":{"line":80,"column":12},"end":{"line":80,"column":79}},"type":"cond-expr","locations":[{"start":{"line":80,"column":38},"end":{"line":80,"column":51}},{"start":{"line":80,"column":54},"end":{"line":80,"column":79}}],"line":80},"14":{"loc":{"start":{"line":89,"column":6},"end":{"line":89,"column":79}},"type":"cond-expr","locations":[{"start":{"line":89,"column":25},"end":{"line":89,"column":38}},{"start":{"line":89,"column":41},"end":{"line":89,"column":79}}],"line":89},"15":{"loc":{"start":{"line":115,"column":44},"end":{"line":115,"column":58}},"type":"default-arg","locations":[{"start":{"line":115,"column":52},"end":{"line":115,"column":58}}],"line":115},"16":{"loc":{"start":{"line":116,"column":9},"end":{"line":116,"column":70}},"type":"cond-expr","locations":[{"start":{"line":116,"column":26},"end":{"line":116,"column":38}},{"start":{"line":116,"column":41},"end":{"line":116,"column":70}}],"line":116},"17":{"loc":{"start":{"line":119,"column":28},"end":{"line":119,"column":77}},"type":"default-arg","locations":[{"start":{"line":119,"column":41},"end":{"line":119,"column":77}}],"line":119},"18":{"loc":{"start":{"line":145,"column":28},"end":{"line":145,"column":76}},"type":"default-arg","locations":[{"start":{"line":145,"column":41},"end":{"line":145,"column":76}}],"line":145},"19":{"loc":{"start":{"line":154,"column":27},"end":{"line":154,"column":77}},"type":"cond-expr","locations":[{"start":{"line":154,"column":39},"end":{"line":154,"column":45}},{"start":{"line":154,"column":48},"end":{"line":154,"column":77}}],"line":154},"20":{"loc":{"start":{"line":191,"column":4},"end":{"line":191,"column":69}},"type":"cond-expr","locations":[{"start":{"line":191,"column":21},"end":{"line":191,"column":30}},{"start":{"line":191,"column":33},"end":{"line":191,"column":69}}],"line":191}},"s":{"0":1,"1":6,"2":6,"3":6,"4":10012,"5":10012,"6":10012,"7":10012,"8":10012,"9":10012,"10":10010,"11":6,"12":5,"13":1,"14":4,"15":4,"16":4,"17":4,"18":4,"19":2,"20":2,"21":4,"22":4,"23":4,"24":4,"25":4,"26":2,"27":2,"28":4,"29":4,"30":4,"31":4,"32":9,"33":9,"34":1,"35":8,"36":16,"37":1,"38":7,"39":7,"40":7,"41":7,"42":7,"43":7,"44":7,"45":21,"46":51,"47":7,"48":21,"49":51,"50":7,"51":7,"52":7,"53":7,"54":21,"55":7,"56":7,"57":21,"58":21,"59":51,"60":51,"61":153,"62":7,"63":17,"64":5,"65":5,"66":5,"67":5,"68":5,"69":5,"70":5,"71":5,"72":5,"73":5,"74":5,"75":5,"76":4,"77":4,"78":4,"79":4,"80":4,"81":4,"82":12,"83":4,"84":4,"85":4,"86":4,"87":4,"88":4,"89":4,"90":4,"91":4,"92":4,"93":4,"94":4,"95":4,"96":4,"97":4,"98":4,"99":12,"100":4,"101":4,"102":4,"103":4,"104":1,"105":2,"106":1,"107":2,"108":2,"109":1,"110":1,"111":1,"112":1,"113":1,"114":1,"115":1,"116":2,"117":2,"118":2,"119":6,"120":2,"121":2,"122":2,"123":1,"124":1,"125":1,"126":2,"127":2,"128":2,"129":6,"130":2,"131":2,"132":2,"133":1,"134":1,"135":1,"136":1,"137":2,"138":2,"139":2,"140":2,"141":2,"142":1,"143":1,"144":2,"145":1,"146":1,"147":1,"148":2,"149":1,"150":1,"151":1,"152":2,"153":2,"154":2,"155":1,"156":1},"f":{"0":6,"1":5,"2":9,"3":9,"4":16,"5":21,"6":51,"7":21,"8":51,"9":21,"10":17,"11":5,"12":4,"13":12,"14":4,"15":12,"16":1,"17":2,"18":2,"19":2},"b":{"0":[10010,2],"1":[3],"2":[1,4],"3":[5,3],"4":[2,2],"5":[2,2],"6":[2,2],"7":[1,8],"8":[9,3,3,3],"9":[9,9],"10":[1,7],"11":[8,6,6,6],"12":[16,16],"13":[2,5],"14":[27,24],"15":[17],"16":[1,16],"17":[5],"18":[4],"19":[6,6],"20":[4,8]},"_coverageSchema":"1a1c01bbd47fc00a2c39e90264f33305004495a9","hash":"e2b2f903da7b3b81f9696d4712b86438d830ae18"}
}
