TN:
SF:index.js
FN:17,(anonymous_0)
FN:46,(anonymous_1)
FN:83,(anonymous_2)
FN:92,(anonymous_3)
FN:99,(anonymous_4)
FNF:5
FNH:3
FNDA:5,(anonymous_0)
FNDA:4,(anonymous_1)
FNDA:2,(anonymous_2)
FNDA:0,(anonymous_3)
FNDA:0,(anonymous_4)
DA:1,1
DA:2,1
DA:3,1
DA:4,1
DA:5,1
DA:6,1
DA:7,1
DA:9,1
DA:10,1
DA:11,1
DA:13,1
DA:15,1
DA:17,1
DA:18,5
DA:19,5
DA:20,5
DA:21,2
DA:22,2
DA:27,2
DA:28,2
DA:29,2
DA:33,1
DA:35,1
DA:42,4
DA:46,1
DA:47,4
DA:48,4
DA:49,4
DA:50,0
DA:54,4
DA:55,4
DA:57,0
DA:58,0
DA:59,0
DA:64,0
DA:65,0
DA:66,0
DA:71,0
DA:78,0
DA:79,0
DA:83,1
DA:85,2
DA:87,2
DA:88,2
DA:89,1
DA:90,1
DA:92,1
DA:93,0
DA:94,0
DA:96,0
DA:99,0
DA:100,0
DA:101,0
DA:103,0
DA:104,0
DA:106,0
DA:107,0
DA:109,0
DA:110,0
DA:112,0
DA:113,0
DA:114,0
DA:115,0
DA:119,0
DA:120,0
DA:122,0
DA:124,2
DA:125,2
DA:129,1
LF:69
LH:40
BRDA:10,0,0,1
BRDA:10,0,1,1
BRDA:49,1,0,0
BRDA:49,1,1,4
BRDA:54,2,0,4
BRDA:54,2,1,0
BRDA:101,3,0,0
BRDA:101,3,1,0
BRDA:101,3,2,0
BRDA:101,3,3,0
BRDA:119,4,0,0
BRDA:119,4,1,0
BRDA:119,5,0,0
BRDA:119,5,1,0
BRF:14
BRH:4
end_of_record
TN:
SF:kd-tree.js
FN:5,(anonymous_0)
FN:25,(anonymous_1)
FN:34,(anonymous_2)
FN:41,(anonymous_3)
FNF:4
FNH:4
FNDA:91544,(anonymous_0)
FNDA:4555283,(anonymous_1)
FNDA:344,(anonymous_2)
FNDA:355,(anonymous_3)
DA:6,91544
DA:9,91544
DA:10,13002
DA:11,13002
DA:12,13002
DA:13,13002
DA:16,78542
DA:17,32779
DA:18,32779
DA:19,32779
DA:20,32779
DA:21,32779
DA:25,4555283
DA:26,45763
DA:29,45763
DA:30,45763
DA:31,45763
DA:35,344
DA:36,344
DA:37,344
DA:38,344
DA:46,355
DA:48,13
DA:50,342
DA:51,342
DA:54,342
DA:56,22
DA:59,342
DA:60,342
DA:63,342
DA:64,292
DA:72,342
DA:76,54
DA:83,342
DA:87,2
LF:35
LH:35
BRDA:5,0,0,1
BRDA:5,1,0,18
BRDA:9,2,0,13002
BRDA:9,2,1,78542
BRDA:16,3,0,32779
BRDA:16,3,1,45763
BRDA:43,4,0,9
BRDA:44,5,0,9
BRDA:46,6,0,13
BRDA:46,6,1,342
BRDA:54,7,0,22
BRDA:54,7,1,320
BRDA:59,8,0,167
BRDA:59,8,1,175
BRDA:60,9,0,167
BRDA:60,9,1,175
BRDA:63,10,0,292
BRDA:63,10,1,50
BRDA:72,11,0,54
BRDA:72,11,1,288
BRDA:73,12,0,342
BRDA:73,12,1,292
BRF:22
BRH:22
end_of_record
TN:
SF:matrix-transformations.js
FN:3,parseColors
FN:19,toMatrix
FN:52,RGBAtoXYZA
FN:58,(anonymous_3)
FN:67,(anonymous_4)
FN:84,(anonymous_5)
FN:85,(anonymous_6)
FN:87,(anonymous_7)
FN:88,(anonymous_8)
FN:101,(anonymous_9)
FN:115,transformationFunction_XYZtoLAB
FN:119,XYZtoLab
FN:145,LabToXYZ
FN:154,(anonymous_13)
FN:174,XYZtoRGB
FN:190,(anonymous_15)
FN:206,processImage
FN:209,(anonymous_17)
FN:212,(anonymous_18)
FN:270,(anonymous_19)
FNF:20
FNH:20
FNDA:6,parseColors
FNDA:5,toMatrix
FNDA:9,RGBAtoXYZA
FNDA:9,(anonymous_3)
FNDA:16,(anonymous_4)
FNDA:21,(anonymous_5)
FNDA:51,(anonymous_6)
FNDA:21,(anonymous_7)
FNDA:51,(anonymous_8)
FNDA:21,(anonymous_9)
FNDA:17,transformationFunction_XYZtoLAB
FNDA:5,XYZtoLab
FNDA:4,LabToXYZ
FNDA:12,(anonymous_13)
FNDA:4,XYZtoRGB
FNDA:12,(anonymous_15)
FNDA:1,processImage
FNDA:2,(anonymous_17)
FNDA:2,(anonymous_18)
FNDA:2,(anonymous_19)
DA:1,1
DA:4,6
DA:5,6
DA:6,10012
DA:7,10012
DA:8,10012
DA:9,10012
DA:10,10012
DA:12,10012
DA:13,10010
DA:16,6
DA:20,5
DA:21,1
DA:24,4
DA:25,4
DA:26,4
DA:27,4
DA:30,4
DA:31,2
DA:32,4
DA:33,4
DA:34,4
DA:35,4
DA:40,4
DA:41,2
DA:42,4
DA:43,4
DA:44,4
DA:49,4
DA:54,9
DA:58,9
DA:60,1
DA:63,8
DA:67,16
DA:69,1
DA:72,7
DA:77,7
DA:78,7
DA:79,7
DA:80,7
DA:82,7
DA:84,7
DA:85,51
DA:87,7
DA:88,21
DA:89,51
DA:94,7
DA:95,7
DA:96,7
DA:99,7
DA:101,21
DA:104,7
DA:105,21
DA:106,51
DA:108,153
DA:112,7
DA:116,17
DA:120,5
DA:123,5
DA:128,5
DA:129,5
DA:130,5
DA:133,5
DA:134,5
DA:135,5
DA:138,5
DA:139,5
DA:140,5
DA:142,5
DA:146,4
DA:147,4
DA:148,4
DA:150,4
DA:153,4
DA:154,12
DA:157,4
DA:158,4
DA:159,4
DA:162,4
DA:163,4
DA:164,4
DA:167,4
DA:168,4
DA:169,4
DA:171,4
DA:175,4
DA:178,4
DA:185,4
DA:186,4
DA:187,4
DA:190,4
DA:191,12
DA:194,4
DA:195,4
DA:196,4
DA:199,4
DA:207,1
DA:209,2
DA:212,1
DA:214,2
DA:215,2
DA:219,1
DA:220,1
DA:222,1
DA:223,1
DA:226,1
DA:227,1
DA:228,2
DA:229,2
DA:230,6
DA:232,2
DA:237,2
DA:238,2
DA:242,1
DA:243,1
DA:244,2
DA:245,2
DA:246,6
DA:248,2
DA:253,2
DA:254,2
DA:258,1
DA:260,1
DA:261,1
DA:262,2
DA:263,2
DA:264,2
DA:265,2
DA:266,2
DA:269,1
DA:270,2
DA:272,1
DA:273,1
DA:274,2
DA:277,1
DA:278,1
DA:279,2
DA:283,2
DA:286,2
DA:293,1
DA:296,1
LF:141
LH:141
BRDA:12,0,0,10010
BRDA:12,0,1,2
BRDA:19,1,0,3
BRDA:20,2,0,1
BRDA:20,2,1,4
BRDA:20,3,0,5
BRDA:20,3,1,3
BRDA:30,4,0,2
BRDA:30,4,1,2
BRDA:40,5,0,2
BRDA:40,5,1,2
BRDA:49,6,0,2
BRDA:49,6,1,2
BRDA:54,7,0,1
BRDA:54,7,1,8
BRDA:55,8,0,9
BRDA:55,8,1,3
BRDA:55,8,2,3
BRDA:55,8,3,3
BRDA:58,9,0,9
BRDA:58,9,1,9
BRDA:63,10,0,1
BRDA:63,10,1,7
BRDA:64,11,0,8
BRDA:64,11,1,6
BRDA:64,11,2,6
BRDA:64,11,3,6
BRDA:67,12,0,16
BRDA:67,12,1,16
BRDA:80,13,0,2
BRDA:80,13,1,5
BRDA:89,14,0,27
BRDA:89,14,1,24
BRDA:115,15,0,17
BRDA:116,16,0,1
BRDA:116,16,1,16
BRDA:119,17,0,5
BRDA:145,18,0,4
BRDA:154,19,0,6
BRDA:154,19,1,6
BRDA:191,20,0,4
BRDA:191,20,1,8
BRF:42
BRH:42
end_of_record
